<?xml version="1.0" encoding="UTF-8"?>
<Site BuildName="Darwin-clang++"
	BuildStamp="20210915-1855-Experimental"
	Name="jeongjaonguiMBP"
	Generator="ctest-3.12.4"
	CompilerName="/usr/bin/clang++"
	CompilerVersion="11.0.0.11000033"
	OSName="macOS"
	Hostname="jeongjaonguiMBP"
	OSRelease="11.5.2"
	OSVersion="20G95"
	OSPlatform="x86_64"
	Is64Bits="1"
	VendorString="GenuineIntel"
	VendorID="Intel Corporation"
	FamilyID="6"
	ModelID="142"
	ProcessorCacheSize="32768"
	NumberOfLogicalCPU="4"
	NumberOfPhysicalCPU="2"
	TotalVirtualMemory="0"
	TotalPhysicalMemory="16384"
	LogicalProcessorsPerPhysical="8"
	ProcessorClockFrequency="2300"
	>
	<Testing>
		<StartDateTime>Sep 15 20:55 CEST</StartDateTime>
		<StartTestTime>1631732130</StartTestTime>
		<TestList/>
		<EndDateTime>Sep 15 20:55 CEST</EndDateTime>
		<EndTestTime>1631732130</EndTestTime>
		<ElapsedMinutes>0</ElapsedMinutes>
	</Testing>
</Site>
